[    0.000000] Linux version 4.15.0-23-generic (buildd@lgw01-amd64-055) (gcc version 7.3.0 (Ubuntu 7.3.0-16ubuntu3)) #25-Ubuntu SMP Wed May 23 18:02:16 UTC 2018 (Ubuntu 4.15.0-23.25-generic 4.15.18)
[    0.000000] Command line: BOOT_IMAGE=/boot/vmlinuz-4.15.0-23-generic root=LABEL=cloudimg-rootfs ro console=tty1 console=ttyS0
[    0.000000] KERNEL supported cpus:
[    0.000000]   Intel GenuineIntel
[    0.000000]   AMD AuthenticAD
[    0.000000]   Centaur CentaurHauls
[    0.000000] x86/fpu: Supporting XSAVE feature 0x001: 'x87 floating point registers'
[    0.000000] x86/fpu: Supporting XSAVE feature 0x002: 'SSE registers'
[    0.000000] x86/fpu: Supporting XSAVE feature 0x004: 'AVX registers'
[    0.000000] x86/fpu: xstate_offset[2]:  576, xstate_sizes[2]:  256
[    0.000000] x86/fpu: Enabled xstate features 0x7, context size is 832 bytes, using 'standard' format.
[    0.000000] e820: BIOS-provided physical RAM map:
[    0.000000] BIOS-e820: [mem 0x0000000000000000-0x000000000009fbff] usable
[    0.000000] BIOS-e820: [mem 0x000000000009fc00-0x000000000009ffff] reserved
[    0.000000] BIOS-e820: [mem 0x00000000000f0000-0x00000000000fffff] reserved
[    0.000000] BIOS-e820: [mem 0x0000000000100000-0x000000003ffeffff] usable
[    0.000000] BIOS-e820: [mem 0x000000003fff0000-0x000000003fffffff] ACPI data
[    0.000000] BIOS-e820: [mem 0x00000000fec00000-0x00000000fec00fff] reserved
[    0.000000] BIOS-e820: [mem 0x00000000fee00000-0x00000000fee00fff] reserved
[    0.000000] BIOS-e820: [mem 0x00000000fffc0000-0x00000000ffffffff] reserved
[    0.000000] NX (Execute Disable) protection: active
[    0.000000] random: fast init done
[    0.000000] SMBIOS 2.5 present.
[    0.000000] DMI: innotek GmbH VirtualBox/VirtualBox, BIOS VirtualBox 12/01/2006
[    0.000000] Hypervisor detected: KVM
[    0.000000] e820: last_pfn = 0x3fff0 max_arch_pfn = 0x400000000
[    0.000000] MTRR: Disabled
[    0.000000] x86/PAT: MTRRs disabled, skipping PAT nitializtion too.
[    0.000000] CPU MTRRs all blank - virtualized system.
[    0.000000] x86/PAT: Configuration [0-7]: WB  WT  UC- UC  WB  WT  UC- UC  
[    0.000000] found SMP MP-table at [mem 0x0009fff0-0x0009ffff] mapped at [        (ptrval)]
[    0.000000] Scanning 1 areas for low memory corruption
[    0.000000] RAMDISK: [mem 0x35aeb000-0x36d6cfff]
    0.000000] ACPI: Early table checksum verification disabled
[    0.000000] ACPI: RSDP 0x00000000000E0000 000024 (v02 VBOX  )
[    0.000000] ACPI: XSDT 0x000000003FFF0030 00003C (v01 VBOX   VBOXXSDT 00000001 ASL  00000061)
[    0.000000] ACPI: FACP 0x000000003FFF00F0 0000F4 (v04 VBOX   VBOXFACP 00000001 ASL  00000061)
[    0.000000] ACPI: DSDT 0x000000003FFF0470 0021FF (v02 VBOX   VBOXBIOS 00000002 INTL 20100528)
[    0.000000] ACPI: FACS 0x000000003FFF0200 000040
[    0.000000] ACPI: FACS 0x000000003FFF0200 000040
[    0.000000] ACPI: APIC 0x000000003FFF0240 00005C (v0 VBOX   VBOXAPIC 00000001 ASL  00000061)
[    0.000000] ACPI: SSDT 0x000000003FFF02A0 0001CC (v01 VBOX   VBOXCPUT 00000002 INTL 20100528)
[    0.000000] No NUMA configuration found
[    0.000000] Faking a node at [mem 0x0000000000000000-0x000000003ffeffff]
[    0.000000] NODE_DATA(0) allocated [mem 0x3ffc5000-0x3ffeffff]
[    0.000000] kvm-clock: cpu 0, msr 0:3ff44001, primary cpu clock
[    0.000000] kvm-clock: Using msrs 4b564d01 and 4b564d00
[    0.000000] kvm-clock: using sched offset of 5631192041 cycles
[    0.000000] clocksource: kvm-clock: mask: 0xffffffffffffffff max_cycles: 0x1cd42e4dffb, max_idle_ns: 881590591483 ns
[    0.000000] Zone ranges:
[    0.000000]   DMA      [mem 0x0000000000001000-0x0000000000ffffff]
[    0.000000]   DMA32    [mem 0x0000000001000000-0x000000003ffeffff]
[    0.000000]   Normal   empty
[    0.000000]   Device   empty
[    0.000000] Movable zone start for each node
[    0.000000] Early memory noderanges
[    0.000000]   node   0: [mem 0x0000000000001000-0x000000000009efff]
    0.000000]   node   0: [mem 0x0000000000100000-0x000000003ffeffff]
[    0.000000] Initmem setup node 0 [mem 0x0000000000001000-0x000000003ffeffff]
[    0.000000] Reserved but unavailable: 98 pages
[    0.000000] ACPI: PM-Timer IO Port: 0x4008
[    0.000000] IOAPIC[0]: apic_id 2, version 32, address 0xfec00000, GSI 0-23
[    0.000000] ACPI: INT_SRC_OVR (bus 0 bus_irq 0 global_irq 2 dfl dfl)
[    0.000000] ACPI: INT_SRC_OVR (bus 0 bus_irq 9 global_irq 9 low level)
[   0.000000] Using ACPI (MADT) for SMP configuration information
[    0.000000] smpboot: Allowing 2 CPUs, 0 hotplug CPUs
[    0.000000] PM: Registered nosave memory: [mem 0x00000000-0x00000fff]
[    0.000000] PM: Registered nosave memory: [mem 0x0009f000-0x0009ffff]
[    0.000000] PM: Registered nosave memory: [mem 0x000a0000-0x000effff]
[    0.000000] PM: Registered nosave memory: [mem 0x000f0000-0x000fffff]
[    0.000000] e820: [mem 0x40000000-0febfffff] avaiable for PCI devices
[    0.000000] Booting paravirtualized kernel on KVM
[    0.000000] clocksource: refined-jiffies: mask: 0xffffffff max_cycles: 0xffffffff, max_idle_ns: 7645519600211568 ns
[    0.000000] setup_percpu: NR_CPUS:8192 nr_cpumask_bits:2 nr_cpu_ids:2 nr_node_ids:1
[    0.000000] percpu: Embedded 46 pages/cpu @        (ptral) s151552 r8192 d28672 u1048576
[   0.000000] PV qspinlock hash table entries: 256 (order: 0, 4096 bytes)
[    0.000000] Built 1zonelists, mobility grouping on.  Total pages: 257913
[    0.000000] Policy zone: DMA32
[    0.000000] Kernel command line: BOOT_IMAGE=/boot/vmlinuz-4.15.0-23-generic root=LABEL=cloudimg-rootfs ro console=tty1 console=ttyS0
[    0.000000] Memory: 983632K/1048120K available (12300K kernel code, 2470K rwdata, 4240K rodata, 2408K init, 2416K bss, 64488K reserved, 0K cma-reserved)
[    0.000000] SLUB: HWalign=64, Order=0-3, MinObjects=0, CPUs=2, Nodes=1
[    0.000000] Kernel/User page tables isolation: enabled
[    0.000000] ftrae: allocating 39083 entries in 153 pages
[    0.004000] Hierarchical RCU implementation.
[    0.004000] 	RCU restricting CPUs from NR_CPUS=8192 to nr_cpu_ids=2.
[    0.004000] 	Tasks RCU enabled.
[    0.004000] RCU: Adjusting geometry for rcu_fanout_leaf=16, nr_cpu_ids=2
[    0.004000] NR_IRQS: 524544, nr_irqs: 440, preallocated irqs: 16
[    0.004000] Console: colour VGA+ 80x25
[    0.004000] cconsole [tty1] enabled
[    0.004000] console [ttyS0] enabled
[    0.004000] ACPI: Core revision 20170831
[    0.004000] ACPI: 2 ACPI AML tables successfully acquired and loaded
[    0.004000] APIC: Switch tosymmetric I/O mode setup
[    0.004419] x2apic enabled
[    0.005465] Switched APIC routing to physical x2apic.
[    0.007440] ..TIMER: vector=0x30 apic1=0 pin1=2 apic2=-1 pin2=-1
[    0.008004] tsc: Detected 2592.002 MHz processor
[    0.008770] Calibrating delay loop (skipped) preset value.. 5184.00 BogoMIPS (lpj=10368008)
[    0.009517] pid_max: default: 32768 minimum: 301
[    0.012042] Security Framework initialized
[    0.012755] Yama: becoming mindful.
[    0.013346] AppArmor: AppArmor initialized
[    0.016000] Dentry cache hash table entries: 131072 (order: 8, 1048576 bytes)
[    0.016104] Inode-cache hash table entries: 65536 (order: 7, 524288 bytes)
[    0.020030] Mount-cache hash table entries: 2048 (order: 2, 16384 bytes)
[    0.024019] Mountpoint-cache hash table entries: 2048 (order: 2, 16384 bytes)
[    0.025799] CPU: Physical Processor ID: 0
[    0.026539] CPU: Processor Core ID: 0
[    0.028025] mce: CPU supports 0 MCE banks
[    0.028730] Last level iTLB entries: 4KB 64, 2MB 8, 4MB 8
[    0.029525] Last level dTLB entries: 4KB 64, 2MB 0, 4MB 0, 1GB 4
[    0.030451] Spectre V2 : Mitigation: Full generic retpoline
[    0.031411] Spectre V2 : Spectre v2 mitigation: Filling RSB on context switch
[    0.032003] Speculative Store Bypass: Vulnerable
[    0.036112] Freeing SMP alternatives memory: 36K
[    0.044000] smpboot: CPU0: Intel(R) Core(TM) i7-6500U CPU @ 2.50GHz (family: 0x6, model: 0x4e, stepping: 0x3)
[    0.044136] Performance Events: unsupported p6 CPU model 78 no PMU driver, software events only.
[    0.048088] Hierarchical SRCU implementation.
[    0.052332] NMI watchdog: Perf event create on CPU 0 failed with -2
[    0.053719] NMI watchdog: Perf NMI watchdog permanently disabled
[    0.055169] smp: Bringing up secondary CPUs ...
[    0.056116] x86: Booting SMP configuration:
[    0.060089] .... node  #0, CPUs:      #1
[    0.004000] kvm-clock: cpu 1, msr 0:3ff44041, secondary cpu clock
[    0.004000] mce: CPU supports 0 MCE banks
[    0.072033] smp: Brought up 1 node, 2 CPUs
[    0.073889] smpboot: Max logical packages: 1
[    0.076014] smpboot: Total of 2 processors activated (10368.00 BogoMIPS)
[    0.080182] devtmpfs: initialized
[    0.080766] x86/mm: Memory block size: 128MB
[    0.081936] evm: security.selinux
[    0.082667] evm: security.SMACK64
[    0.084006] evm: security.SMACK64EXEC
[    0.088015] evm: security.SMACK64TRANSMUTE
[    0.089025] evm: security.SMACK64MMAP
[    0.089800] evm: security.apparmor
[    0.090527] evm: security.ima
[    0.092007] evm: security.capability
[    0.093018] clocksource: jiffies: mask: 0xffffffff max_cycles: 0xffffffff, max_idle_ns: 7645041785100000 ns
[    0.096033] futex hash table entries: 512 (order: 3, 32768 bytes)
[    0.100140] pinctrl core: initialized pinctrl subsystem
[    0.108226] RTC time: 21:22:27, date: 06/20/18
[    0.112239] NET: Registered protocol family 16
[    0.116917] audit: initializing netlink subsys (disabled)
[    0.120063] audit: type=2000 audit(1529529753.916:1): state=initialized audit_enabled=0 res=1
[    0.124010] cpuidle: using governor ladder
[    0.124938] cpuidle: using governor menu
[    0.125857] ACPI: bus type PCI registered
[    0.126728] acpiphp: ACPI Hot Plug PCI Controller Driver version: 0.5
[    0.128173] PCI: Using configuration type 1 for base access
[    0.133099] HugeTLB registered 2.00 MiB page size, pre-allocated 0 pages
[    0.136148] ACPI: Added _OSI(Module Device)
[    0.136868] ACPI: Added _OSI(Processor Device)
[    0.140008] ACPI: Added _OSI(3.0 _SCP Extensions)
[    0.141432] ACPI: Added _OSI(Processor Aggregator Device)
[    0.144425] ACPI: Executed 1 blocks of module-level executable AML code
[    0.152944] ACPI: Interpreter enabled
[    0.153773] ACPI: (supports S0 S5)
[    0.154423] ACPI: Using IOAPIC for interrupt routing
[    0.156293] PCI: Using host bridge windows from ACPI; if necessary, use "pci=nocrs" and report a bug
[    0.160223] ACPI: Enabled 2 GPEs in block 00 to 07
[    0.172539] ACPI: PCI Root Bridge [PCI0] (domain 0000 [bus 00-ff])
[    0.176029] acpi PNP0A03:00: _OSC: OS supports [ASPM ClockPM Segments MSI]
[    0.180054] acpi PNP0A03:00: _OSC: not requesting OS control; OS requires [ExtendedConfig ASPM ClockPM MSI]
[    0.181934] acpi PNP0A03:00: fail to add MMCONFIG information, can't access extended PCI configuration space under this bridge.
[    0.184470] PCI host bridge to bus 0000:00
[    0.185437] pci_bus 0000:00: root bus resource [io  0x0000-0x0cf7 window]
[    0.188008] pci_bus 0000:00: root bus resource [io  0x0d00-0xffff window]
[    0.189392] pci_bus 0000:00: root bus resource [mem 0x000a0000-0x000bffff window]
[    0.192030] pci_bus 0000:00: root bus resource [mem 0x40000000-0xfdffffff window]
[    0.196006] pci_bus 0000:00: root bus resource [bus 00-ff]
[    0.201790] pci 0000:00:01.1: legacy IDE quirk: reg 0x10: [io  0x01f0-0x01f7]
[    0.202925] pci 0000:00:01.1: legacy IDE quirk: reg 0x14: [io  0x03f6]
[    0.203960] pci 0000:00:01.1: legacy IDE quirk: reg 0x18: [io  0x0170-0x0177]
[    0.204005] pci 0000:00:01.1: legacy IDE quirk: reg 0x1c: [io  0x0376]
[    0.237977] pci 0000:00:07.0: quirk: [io  0x4000-0x403f] claimed by PIIX4 ACPI
[    0.239598] pci 0000:00:07.0: quirk: [io  0x4100-0x410f] claimed by PIIX4 SMB
[    0.252015] ACPI: PCI Interrupt Link [LNKA] (IRQs 5 9 10 *11)
[    0.254738] ACPI: PCI Interrupt Link [LNKB] (IRQs 5 9 *10 11)
[    0.256196] ACPI: PCI Interrupt Link [LNKC] (IRQs 5 *9 10 11)
[    0.257526] ACPI: PCI Interrupt Link [LNKD] (IRQs 5 9 10 *11)
[    0.260312] SCSI subsystem initialized
[    0.261138] pci 0000:00:02.0: vgaarb: setting as boot VGA device
[    0.261264] pci 0000:00:02.0: vgaarb: VGA device added: decodes=io+mem,owns=io+mem,locks=none
[    0.264008] pci 0000:00:02.0: vgaarb: bridge control possible
[    0.265119] vgaarb: loaded
[    0.268102] ACPI: bus type USB registered
[    0.272290] usbcore: registered new interface driver usbfs
[    0.276104] usbcore: registered new interface driver hub
[    0.280272] usbcore: registered new device driver usb
[    0.284125] EDAC MC: Ver: 3.0.0
[    0.285037] PCI: Using ACPI for IRQ routing
[    0.288161] NetLabel: Initializing
[    0.292062] NetLabel:  domain hash size = 128
[    0.296003] NetLabel:  protocols = UNLABELED CIPSOv4 CALIPSO
[    0.297333] NetLabel:  unlabeled traffic allowed by default
[    0.298503] clocksource: Switched to clocksource kvm-clock
[    0.324896] VFS: Disk quotas dquot_6.6.0
[    0.325745] VFS: Dquot-cache hash table entries: 512 (orde0, 4096 bytes)
[    0.384057] AppArmor: AppArmor Filesystem Enabled
[    0.384945] pnp: PnP ACPI init
[    0.386938] pnp: PnP ACPI: found 3 devices

[    0.398608] clocksource: acpi_pm: mask: 0xffffff max_cycles: 0xffffff, max_idle_ns: 2085701024 ns
[    0.400055] NET: Registered protocol family 2
[    0.405048] TCP established hash tle entries: 8192 (order: 4, 65536 bytes)
[    0.485611] TCP bind hash table entries: 8192 (order: 5, 131072 bytes)
[    0.487178] TCP: Hash tables configured (established 8192 nd 8192)
[  0.557045] UDP hash table entries: 512 (order: 2, 16384 bytes)
[    0.620226] UDP-Lite hash table entries: 512 (der: 2, 16384 bytes)
[    0.686983] NET:egistered protocol family 1
[    .749122] pci 0000:00:00.0: Limiting direct PCI/PCI transfers
[    0.780766] pci 0000:00:01.0: Activating ISA DMA hang workarounds
[    0.782271] pci 0000:00:02.0: Video device with shadowed ROM at [mem 0x000c0000-0x000dffff]
[    0.784123] Unpacking initramfs...

[    1.307451] Freeing initrd memory: 18952K
[    1.310046] platform rtc_cmos: registered platform RTC device (no PNP device found)
[    1.318523] Scanning for low memory corruption every 60 seconds
[    1.323841] Initialise system trusted keyrings
[    1.324674] Key type blacklist registered
[    1.332650] workingset: timestamp_bits=36 max_order=18 bucket_order=0
[    1.335226] zbud: loaded
[    1.336342] squashfs: version 4.0 (2009/01/31) Phillip Lougher
[    1.343323] fuse init (API version 7.26)
[    1.346452] Key type asymmetric registered
[    1.347265] Asymmetric key parser 'x509' registered
[    1.348212] Block layer SCSI generic (bsg) driver version 0.4 loaded (major 246)
[    1.349814] io scheduler noop registered
[    1.350652] io scheduler deadline registered
[    1.351472] io scheduler cfq registered (default)
[    1.352693] ACPI: AC Adapter [AC] (on-line)
[    1.353705] input: Power Button as /devices/LNXSYSTM:00/LNXPWRBN:00/input/input0
[    1.356563] ACPI: Power Button [PWRF]
[    1.357303] input: Sleep Button as /devices/LNXSYSTM:00/LNXSLPBN:00/input/input1
[    1.358867] ACPI: Sleep Button [SLPF]
[    1.361095] ACPI: Battery Slot [BAT0] (battery present)
[    1.362240] Serial: 8250/16550 driver, 32 ports, IRQ sharing enabled
[    1.398885] 00:02: ttyS0 at I/O 0x3f8 (irq = 4, base_baud = 115200) is a 16550A
[    1.420368] Linux agpgart interface v0.103
[    1.424809] loop: module loaded
[    1.426278] scsi host0: ata_piix
[    1.427126] scsi host1: ata_piix
[    1.448690] ata1: PATA max UDMA/33 cmd 0x1f0 ctl 0x3f6 bmdma 0xd000 irq 14
[    1.449859] ata2: PATA max UDMA/33 cmd 0x170 ctl 0x376 bmdma 0xd008 irq 15
[    1.451578] libphy: Fixed MDIO Bus: probed
[    1.452425] tun: Universal TUN/TAP device driver, 1.6
[    1.453368] PPP generic driver version 2.4.2
[    1.460953] ehci_hcd: USB 2.0 'Enhanced' Host Controller (EHCI) Driver
[    1.468347] ehci-pci: EHCI PCI platform driver
[    1.469065] ehci-platform: EHCI generic platform driver
[    1.476589] ohci_hcd: USB 1.1 'Open' Host Controller (OHCI) Driver
[    1.477643] ohci-pci: OHCI PCI platform driver
[    1.484998] ohci-platform: OHCI generic platform driver
[    1.485876] uhci_hcd: USB Universal Host Controller Interface driver
[    1.492988] i8042: PNP: PS/2 Controller [PNP0303:PS2K,PNP0f03:PS2M] at 0x60,0x64 irq 1,12
[    1.497605] serio: i8042 KBD port at 0x60,0x64 irq 1
[    1.506483] serio: i8042 AUX port at 0x60,0x64 irq 12
[    1.513586] mousedev: PS/2 mouse device common for all mice
[    1.516792] input: AT Translated Set 2 keyboard as /devices/platform/i8042/serio0/input/input2
[    1.518493] rtc_cmos rtc_cmos: rtc core: registered rtc_cmos as rtc0
[    1.519626] rtc_cmos rtc_cmos: alarms up to one day, 114 bytes nvram
[    1.525040] i2c /dev entries driver
[    1.525843] device-mapper: uevent: version 1.0.3
[    1.527135] device-mapper: ioctl: 4.37.0-ioctl (2017-09-20) initialised: dm-devel@redhat.com
[    1.528761] ledtrig-cpu: registered to indicate activity on CPUs
[    1.533486] NET: Registered protocol family 10
[    1.540740] Segment Routing with IPv6
[    1.548684] NET: Registered protocol family 17
[    1.549595] Key type dns_resolver registered
[    1.550601] RAS: Correctable Errors collector initialized.
[    1.551717] sched_clock: Marking stable (1550567833, 0)->(2824351780, -1273783947)
[    1.553930] registered taskstats version 1
[    1.563119] Loading compiled-in X.509 certificates
[    1.579974] Loaded X.509 cert 'Build time autogenerated kernel key: d77482c25b833df502ed38a87c5d7f330fdff3cb'
[    1.597707] zswap: loaded using pool lzo/zbud
[    1.605832] Key type big_key registered
[    1.613749] Key type trusted registered
[    1.617291] Key type encrypted registered
[    1.618235] AppArmor: AppArmor sha1 policy hashing enabled
[    1.619431] ima: No TPM chip found, activating TPM-bypass! (rc=-19)
[    1.625487] evm: HMAC attrs: 0x1
[    1.626902]   Magic number: 6:554:399
[    1.628293] rtc_cmos rtc_cmos: setting system clock to 2018-06-20 21:22:29 UTC (1529529749)
[    1.631097] BIOS EDD facility v0.16 2004-Jun-25, 0 devices found
[    1.632348] EDD information not available.
[    1.644372] Freeing unused kernel memory: 2408K
[    1.668256] Write protecting the kernel read-only data: 20480k
[    1.671303] Freeing unused kernel memory: 2008K
[    1.682125] Freeing unused kernel memory: 1904K
[    1.693713] x86/mm: Checked W+X mappings: passed, no W+X pages found.
[    1.695082] x86/mm: Checking user space page tables
[    1.701495] x86/mm: Checked W+X mappings: passed, no W+X pages found.
Loading, please wait...
starting version 237
[    1.882316] Fusion MPT base driver 3.04.20
[    1.890285] Copyright (c) 1999-2008 LSI Corporation
[    1.897954] e1000: Intel(R) PRO/1000 Network Driver - version 7.3.21-k8-NAPI
[    1.899455] e1000: Copyright (c) 1999-2006 Intel Corporation.
[    1.911133] AVX2 version of gcm_enc/dec engaged.
[    1.918436] AES CTR mode by8 optimization enabled
[    1.929382] Fusion MPT SPI Host driver 3.04.20
[    2.103084] input: ImExPS/2 Generic Explorer Mouse as /devices/platform/i8042/serio1/input/input4
[    2.336094] tsc: Refined TSC clocksource calibration: 2592.076 MHz
[    2.349511] clocksource: tsc: mask: 0xffffffffffffffff max_cycles: 0x255cfe5e801, max_idle_ns: 440795232458 ns
[    2.401473] e1000 0000:00:03.0 eth0: (PCI:33MHz:32-bit) 02:9e:aa:99:f8:7d
[    2.411658] e1000 0000:00:03.0 eth0: Intel(R) PRO/1000 Network Connection
[    2.423071] mptbase: ioc0: Initiating bringup
[    2.423502] e1000 0000:00:03.0 enp0s3: renamed from eth0
[    2.822596] ioc0: LSI53C1030 A0: Capabilities={Initiator}
[    3.423028] scsi host2: ioc0: LSI53C1030 A0, FwRev=00000000h, Ports=1, MaxQ=256, IRQ=20
[    4.241590] scsi 2:0:0:0: Direct-Access     VBOX     HARDDISK         1.0  PQ: 0 ANSI: 5
[    4.284139] scsi target2:0:0: Beginning Domain Validation
[    4.288440] scsi target2:0:0: Domain Validation skipping write tests
[    4.290038] scsi target2:0:0: Ending Domain Validation
[    4.291387] scsi target2:0:0: asynchronous
[    4.299086] scsi 2:0:1:0: Direct-Access     VBOX     HARDDISK         1.0  PQ: 0 ANSI: 5
[    4.344225] scsi target2:0:1: Beginning Domain Validation
[    4.359919] scsi target2:0:1: Domain Validation skipping write tests
[    4.368592] scsi target2:0:1: Ending Domain Validation
[    4.369704] scsi target2:0:1: asynchronous
[    4.383986] sd 2:0:0:0: Attached scsi generic sg0 type 0
[    4.384232] sd 2:0:0:0: [sda] 20971520 512-byte logical blocks: (10.7 GB/10.0 GiB)
[    4.384297] sd 2:0:0:0: [sda] Write Protect is off
[    4.384428] sd 2:0:0:0: [sda] Incomplete mode parameter data
[    4.384430] sd 2:0:0:0: [sda] Assuming drive cache: write through
[    4.402792]  sda: sda1
[    4.403892] sd 2:0:0:0: [sda] Attached SCSI disk
[    4.447247] sd 2:0:1:0: Attached scsi generic sg1 type 0
[    4.447672] sd 2:0:1:0: [sdb] 20480 512-byte logical blocks: (10.5 MB/10.0 MiB)
[    4.447758] sd 2:0:1:0: [sdb] Write Protect is off
[    4.447901] sd 2:0:1:0: [sdb] Incomplete mode parameter data
[    4.447903] sd 2:0:1:0: [sdb] Assuming drive cache: write through
[    4.476375] sd 2:0:1:0: [sdb] Attached SCSI disk
Begin: Loading essential drivers ... [    6.248030] raid6: sse2x1   gen()  6834 MB/s
[    6.296311] raid6: sse2x1   xor()  5084 MB/s
[    6.344559] raid6: sse2x2   gen()  8600 MB/s
[    6.392298] raid6: sse2x2   xor()  5722 MB/s
[    6.440144] raid6: sse2x4   gen()  8682 MB/s
[    6.506046] raid6: sse2x4   xor()  5019 MB/s
[    6.556192] raid6: avx2x1   gen() 10854 MB/s
[    6.608037] raid6: avx2x1   xor()  8695 MB/s
[    6.664714] raid6: avx2x2   gen() 11651 MB/s
[    6.712473] raid6: avx2x2   xor()  8180 MB/s
[    6.768131] raid6: avx2x4   gen() 18652 MB/s
[    6.816539] raid6: avx2x4   xor()  8625 MB/s
[    6.817453] raid6: using algorithm avx2x4 gen() 18652 MB/s
[    6.818615] raid6: .... xor() 8625 MB/s, rmw enabled
[    6.821540] raid6: using avx2x2 recovery algorithm
[    6.825817] xor: automatically using best checksumming function   avx       
[    6.828441] async_tx: api initialized (async)
done.
Begin: Running /scripts/init-premount ... done.
Begin: Mounting root file system ... Begin: Running /scripts/local-top ... done.
Begin: Running /scripts/local-premount ... [    6.897630] Btrfs loaded, crc32c=crc32c-intel
Scanning for Btrfs filesystems
done.
Warning: fsck not present, so skipping root file system
[    6.987136] EXT4-fs (sda1): mounted filesystem with ordered data mode. Opts: (null)
done.
Begin: Running /scripts/local-bottom ... done.
Begin: Running /scripts/init-bottom ... done.
[    8.588368] random: crng init done
[    9.860489] ip_tables: (C) 2000-2006 Netfilter Core Team
[   10.007069] systemd[1]: systemd 237 running in system mode. (+PAM +AUDIT +SELINUX +IMA +APPARMOR +SMACK +SYSVINIT +UTMP +LIBCRYPTSETUP +GCRYPT +GNUTLS +ACL +XZ +LZ4 +SECCOMP +BLKID +ELFUTILS +KMOD -IDN2 +IDN -PCRE2 default-hierarchy=hybrid)
[   10.082211] systemd[1]: Detected virtualization oracle.
[   10.083039] systemd[1]: Detected architecture x86-64.

Welcome to [1mUbuntu 18.04 LTS[0m!

[   10.133855] systemd[1]: Set hostname to <ubuntu-bionic>.
[   12.544466] systemd[1]: Started Forward Password Requests to Wall Directory Watch.
[[0;32m  OK  [0m] Started Forward Password Requests to Wall Directory Watch.
[   13.047152] systemd[1]: Created slice System Slice.
[[0;32m  OK  [0m] Created slice System Slice.
[   13.048970] systemd[1]: Created slice system-serial\x2dgetty.slice.
[[0;32m  OK  [0m] Created slice system-serial\x2dgetty.slice.
[   13.058937] systemd[1]: Listening on LVM2 metadata daemon socket.
[[0;32m  OK  [0m] Listening on LVM2 metadata daemon socket.
[   13.076637] systemd[1]: Created slice system-postgresql.slice.
[[0;32m  OK  [0m] Created slice system-postgresql.slice.
[   13.109752] systemd[1]: Reached target User and Group Name Lookups.
[[0;32m  OK  [0m] Reached target User and Group Name Lookups.
[[0;32m  OK  [0m] Listening on LVM2 poll daemon socket.
[[0;32m  OK  [0m] Listening on Network Service Netlink Socket.
[[0;32m  OK  [0m] Listening on Device-mapper event daemon FIFOs.
[[0;32m  OK  [0m] Listening on Journal Audit Socket.
[[0;32m  OK  [0m] Listening on udev Kernel Socket.
[[0;32m  OK  [0m] Reached target System Time Synchronized.
[[0;32m  OK  [0m] Created slice User and Session Slice.
[[0;32m  OK  [0m] Listening on Journal Socket (/dev/log).
[[0;32m  OK  [0m] Reached target Swap.
[[0;32m  OK  [0m] Set up automount Arbitrary Executab…rmats File System Automount Point.
[[0;32m  OK  [0m] Listening on udev Control Socket.
[[0;32m  OK  [0m] Reached target Slices.
[[0;32m  OK  [0m] Listening on Syslog Socket.
[[0;32m  OK  [0m] Listening on /dev/initctl Compatibility Named Pipe.
[[0;32m  OK  [0m] Listening on Journal Socket.
         Starting Uncomplicated firewall...
         Starting Remount Root and Kernel File Systems...
         Starting Set the console keyboard layout...
         Starting udev Coldplug all Devices...
         Starting Load Kernel Modules...
         Starting Journal Service...
         Starting Create list of required st…ce nodes for the current kernel...
         Mounting Huge Pages File System...
         Starting Monitoring of LVM2 mirrors…ng dmeventd or progress polling...
         Mounting Kernel Debug File System...
         Mounting POSIX Message Queue File System...
[[0;32m  OK  [0m] Started Uncomplicated firewall.
[[0;32m  OK  [0m] Started udev Coldplug all Devices.
[[0;32m  OK  [0m] Started Create list of required sta…vice nodes for the current kernel.
         Starting Create Static Device Nodes in /dev...
[[0;32m  OK  [0m] Started Journal Service.
[   13.860315] Loading iSCSI transport class v2.0-870.
[   14.075947] iscsi: registered transport (tcp)
[   14.309910] iscsi: registered transport (iser)
[[0;32m  OK  [0m] Started Load Kernel Modules.
         Starting Apply Kernel Variables...
         Mounting FUSE Control File System...
         Mounting Kernel Configuration File System...
[[0;32m  OK  [0m] Started Create Static Device Nodes in /dev.
[[0;32m  OK  [0m] Started Apply Kernel Variables.
[[0;32m  OK  [0m] Mounted Kernel Debug File System.
[[0;32m  OK  [0m] Mounted Huge Pages File System.
[[0;32m  OK  [0m] Mounted POSIX Message Queue File System.
[[0;32m  OK  [0m] Mounted FUSE Control File System.
[[0;32m  OK  [0m] Mounted Kernel Configuration File System.
[[0;32m  OK  [0m] Started LVM2 metadata daemon.
[[0;32m  OK  [0m] Started Remount Root and Kernel File Systems.
         Starting Initial cloud-init job (pre-networking)...
         Starting Load/Save Random Seed...
         Starting Flush Journal to Persistent Storage...
         Starting udev Kernel Device Manager...
[[0;32m  OK  [0m] Started Load/Save Random Seed.
[[0;32m  OK  [0m] Started Monitoring of LVM2 mirrors,…sing dmeventd or progress polling.
[[0;32m  OK  [0m] Started udev Kernel Device Manager.
[[0;32m  OK  [0m] Found device /dev/ttyS0.
[[0;32m  OK  [0m] Listening on Load/Save RF Kill Switch Status /dev/rfkill Watch.
[[0;32m  OK  [0m] Started Flush Journal to Persistent Storage.
[[0;32m  OK  [0m] Started Set the console keyboard layout.
[[0;32m  OK  [0m] Reached target Local File Systems (Pre).
[[0;32m  OK  [0m] Reached target Local File Systems.
         Starting ebtables ruleset management...
         Starting AppArmor initialization...
         Starting Create Volatile Files and Directories...
         Starting Tell Plymouth To Write Out Runtime Data...
         Starting Set console font and keymap...
[[0;32m  OK  [0m] Started Dispatch Password Requests to Console Directory Watch.
[[0;32m  OK  [0m] Reached target Local Encrypted Volumes.
[[0;32m  OK  [0m] Started Set console font and keymap.
[[0;32m  OK  [0m] Started Tell Plymouth To Write Out Runtime Data.
[[0;32m  OK  [0m] Started Create Volatile Files and Directories.
         Starting Update UTMP about System Boot/Shutdown...
[[0;32m  OK  [0m] Started Update UTMP about System Boot/Shutdown.
[[0;32m  OK  [0m] Started ebtables ruleset management.
[[0;32m  OK  [0m] Started AppArmor initialization.
[   27.275589] cloud-init[411]: Cloud-init v. 18.2 running 'init-local' at Wed, 20 Jun 2018 21:22:54 +0000. Up 26.74 seconds.
[[0;32m  OK  [0m] Started Initial cloud-init job (pre-networking).
[[0;32m  OK  [0m] Reached target Network (Pre).
         Starting Network Service...
[[0;32m  OK  [0m] Started Network Service.
         Starting Wait for Network to be Configured...
         Starting Network Name Resolution...
[[0;32m  OK  [0m] Started Network Name Resolution.
[[0;32m  OK  [0m] Reached target Network.
[[0;32m  OK  [0m] Reached target Host and Network Name Lookups.
[[0;32m  OK  [0m] Started Wait for Network to be Configured.
         Starting Initial cloud-init job (metadata service crawler)...
[   31.414315] cloud-init[902]: Cloud-init v. 18.2 running 'init' at Wed, 20 Jun 2018 21:22:57 +0000. Up 30.08 seconds.
[   31.419434] cloud-init[902]: ci-info: ++++++++++++++++++++++++++++++++++++++Net device info++++++++++++++++++++++++++++++++++++++
[   31.421345] cloud-init[902]: ci-info: +--------+------+----------------------------+---------------+--------+-------------------+
[   31.423139] cloud-init[902]: ci-info: | Device |  Up  |          Address           |      Mask     | Scope  |     Hw-Address    |
[   31.464725] cloud-init[902]: ci-info: +--------+------+----------------------------+---------------+--------+-------------------+
[   31.493371] cloud-init[902]: ci-info: | enp0s3 | True |         10.0.2.15          | 255.255.255.0 | global | 02:9e:aa:99:f8:7d |
[   31.495232] cloud-init[902]: ci-info: | enp0s3 | True | fe80::9e:aaff:fe99:f87d/64 |       .       |  link  | 02:9e:aa:99:f8:7d |
[   31.513484] cloud-init[902]: ci-info: |   lo   | True |         127.0.0.1          |   255.0.0.0   |  host  |         .         |
[[0;32m  OK  [0m] Started Initial cloud-init job (metadata service crawler).
[[0;32m  OK  [0m] Reached target Network is Online.
[   31.559133] cloud-init[902]: ci-info: |   lo   | True |          ::1/128           |       .       |  host  |         .         |
         Starting iSCSI initiator daemon (iscsid)...
[   31.611429] [[0;32m  OK  [0m] Reached target Cloud-config availability.
[[0;32m  OK  [0m] Reached target System Initialization.
cloud-init[902]: ci-info: +--------+------+----------------------------+---------------+--------+-------------------+
[   31.621114] cloud-init[902]: ci-info: ++++++++++++++++++++++++++++Route IPv4 info+++++++++++++++++++++++++++++
[[0;32m  OK  [0m] Started Daily apt download activities.
[   31.643271] [[0;32m  OK  [0m] Listening on UUID daemon activation socket.
[[0;32m  OK  [0m] Started Daily apt upgrade and clean activities.
[[0;32m  OK  [0m] Listening on ACPID Listen Socket.
[[0;32m  OK  [0m] Started Daily Cleanup of Temporary Directories.
[[0;32m  OK  [0m] Started Discard unused blocks once a week.
cloud-init[902]: ci-info: +-------+-------------+----------+-----------------+-----------+-------+
[   31.656408] cloud-init[902]: ci-info: | Route | Destination | Gateway  |     Genmask     | Interface | Flags |
         Starting LXD - unix socket.
[   31.682969] cloud-init[902]:          Starting Socket activation for snappy daemon.
[[0;32m  OK  [0m] Listening on D-Bus System Message Bus Socket.
ci-info: +-------+-------------+----------+-----------------+-----------+-------+
[[0;32m  OK  [0m] Started ACPI Events Check.
[   31.709362] [[0;32m  OK  [0m] Reached target Paths.
[[0;32m  OK  [0m] Started Message of the Day.
[[0;32m  OK  [0m] Reached target Timers.
cloud-init[902]: ci-info: |   0   |   0.0.0.0   | 10.0.2.2 |     0.0.0.0     |   enp0s3  |   UG  |
[[0;32m  OK  [0m] Listening on LXD - unix socket.
[   31.721575] [[0;32m  OK  [0m] Listening on Socket activation for snappy daemon.
[[0;32m  OK  [0m] Reached target Sockets.
[[0;32m  OK  [0m] Reached target Basic System.
[[0;32m  OK  [0m] Started Unattended Upgrades Shutdown.
cloud-init[902]: ci-info: |   1   |   10.0.2.0  | 0.0.0.0  |  255.255.255.0  |   enp0s3  |   U   |
         Starting Resets System Activity Data Collector...
[   31.773156] cloud-init[902]: ci-info: |   2   |   10.0.2.2  | 0.0.0.0  | 255.255.255.255 |   enp0s3  |   UH  |         Starting System Logging Service...
[[0;32m  OK  [0m] Started FUSE filesystem for LXC.
         Starting Accounts Service...
         Starting PostgreSQL Cluster 9.5-main...

[   31.782999] cloud-init[902]: ci-info: +-------+-------------+----------+-----------------+-----------+-------+
[[0;32m  OK  [0m] Started D-Bus System Message Bus.
[   31.790869] cloud-init[902]: ci-info: +++++++++++++++++++Route IPv6 info+++++++++++++++++++
[   31.814670] cloud-init[902]: ci-info: +-------+-------------+---------+-----------+-------+
[   31.835911] cloud-init[902]: ci-info: | Route | Destination | Gateway | Interface | Flags |
[   31.837716] cloud-init[902]: ci-info: +-------+-------------+---------+-----------+-------+
[   31.839416] cloud-init[902]: ci-info: |   1   |  fe80::/64  |    ::   |   enp0s3  |   U   |
[   31.845077] cloud-init[902]: ci-info: |   3   |    local    |    ::   |   enp0s3  |   U   |
[   31.869613] cloud-init[902]: ci-info: |   4   |   ff00::/8  |    ::   |   enp0s3  |   U   |
[   31.879071] cloud-init[902]: ci-info: +-------+-------------+---------+-----------+-------+
         Starting Apply the settings specified in cloud-config...
         Starting LSB: Record successful boot for GRUB...
         Starting LXD - container startup/shutdown...
[[0;32m  OK  [0m] Started Deferred execution scheduler.
         Starting Dispatcher daemon for systemd-networkd...
[[0;32m  OK  [0m] Started Regular background program processing daemon.
[[0;32m  OK  [0m] Started irqbalance daemon.
         Starting Snappy daemon...
         Starting OpenBSD Secure Shell server...
         Starting vboxadd.service...
         Starting Login Service...
[[0;32m  OK  [0m] Started System Logging Service.
[[0;32m  OK  [0m] Started iSCSI initiator daemon (iscsid).
[[0;32m  OK  [0m] Started Resets System Activity Data Collector.
[   34.890578] cloud-init[1081]: Cloud-init v. 18.2 running 'modules:config' at Wed, 20 Jun 2018 21:23:01 +0000. Up 33.87 seconds.
[[0;32m  OK  [0m] Started Login Service.
         Starting Authorization Manager...
         Starting Availability of block devices...
[[0;32m  OK  [0m] Reached target Remote File Systems (Pre).
[[0;32m  OK  [0m] Reached target Remote File Systems.
         Starting Permit User Sessions...
         Starting LSB: automatic crash report generation...
[[0;32m  OK  [0m] Started Apply the settings specified in cloud-config.
[[0;32m  OK  [0m] Started Availability of block devices.
[[0;32m  OK  [0m] Started Permit User Sessions.
         Starting Terminate Plymouth Boot Screen...
         Starting Hold until boot process finishes up...
[[0;32m  OK  [0m] Started Terminate Plymouth Boot Screen.
[[0;32m  OK  [0m] Started Hold until boot process finishes up.
         Starting Set console scheme...
[[0;32m  OK  [0m] Started Serial Getty on ttyS0.
[[0;32m  OK  [0m] Started LSB: Record successful boot for GRUB.
[[0;32m  OK  [0m] Started Set console scheme.
[[0;32m  OK  [0m] Created slice system-getty.slice.
[[0;32m  OK  [0m] Started Getty on tty1.
[[0;32m  OK  [0m] Reached target Login Prompts.
[[0;32m  OK  [0m] Started Authorization Manager.
[[0;32m  OK  [0m] Started Accounts Service.
[[0;32m  OK  [0m] Started LSB: automatic crash report generation.
[[0;32m  OK  [0m] Started Dispatcher daemon for systemd-networkd.
[[0;32m  OK  [0m] Started OpenBSD Secure Shell server.
[[0;32m  OK  [0m] Started Snappy daemon.
         Starting Wait until snapd is fully seeded...
[[0;32m  OK  [0m] Started Wait until snapd is fully seeded.
[[0;32m  OK  [0m] Started vboxadd.service.
         Starting vboxadd-service.service...

Ubuntu 18.04 LTS ubuntu-bionic ttyS0

ubuntu-bionic login: [   51.712830] cloud-init[2055]: Cloud-init v. 18.2 running 'modules:final' at Wed, 20 Jun 2018 21:23:19 +0000. Up 51.34 seconds.
[   51.713788] cloud-init[2055]: Cloud-init v. 18.2 finished at Wed, 20 Jun 2018 21:23:19 +0000. Datasource DataSourceNoCloud [seed=/dev/sdb][dsmode=net].  Up 51.69 seconds
